Using pre-set license
Built from '2020.2/release' branch; Version is '2020.2.0f1 (3721df5a8b28) revision 3613151'; Using compiler version '192528614'; Build Type 'Release'
OS: 'Windows 10  (10.0.0) 64bit' Language: 'en' Physical Memory: 16126 MB
BatchMode: 1, IsHumanControllingUs: 0, StartBugReporterOnCrash: 0, Is64bit: 1, IsPro: 0

 COMMAND LINE ARGUMENTS:
C:\Program Files\Unity\Hub\Editor\2020.2.0f1\Editor\Unity.exe
-adb2
-batchMode
-noUpm
-name
AssetImportWorker0
-projectPath
C:/Users/aweso/Desktop/Other/Ourbit/The Controlled/The Controlled/The Controlled
-logFile
Logs/AssetImportWorker0.log
-srvPort
58829
Successfully changed project path to: C:/Users/aweso/Desktop/Other/Ourbit/The Controlled/The Controlled/The Controlled
C:/Users/aweso/Desktop/Other/Ourbit/The Controlled/The Controlled/The Controlled
Using Asset Import Pipeline V2.
Refreshing native plugins compatible for Editor in 112.47 ms, found 4 plugins.
Preloading 0 native plugins for Editor in 0.00 ms.
Initialize engine version: 2020.2.0f1 (3721df5a8b28)
[Subsystems] Discovering subsystems at path C:/Program Files/Unity/Hub/Editor/2020.2.0f1/Editor/Data/Resources/UnitySubsystems
[Subsystems] Discovering subsystems at path C:/Users/aweso/Desktop/Other/Ourbit/The Controlled/The Controlled/The Controlled/Assets
GfxDevice: creating device client; threaded=0
Direct3D:
    Version:  Direct3D 11.0 [level 11.1]
    Renderer: NVIDIA GeForce MX150 (ID=0x1d10)
    Vendor:   
    VRAM:     1983 MB
    Driver:   27.21.14.5763
Initialize mono
Mono path[0] = 'C:/Program Files/Unity/Hub/Editor/2020.2.0f1/Editor/Data/Managed'
Mono path[1] = 'C:/Program Files/Unity/Hub/Editor/2020.2.0f1/Editor/Data/MonoBleedingEdge/lib/mono/unityjit'
Mono config path = 'C:/Program Files/Unity/Hub/Editor/2020.2.0f1/Editor/Data/MonoBleedingEdge/etc'
Using monoOptions --debugger-agent=transport=dt_socket,embedding=1,server=y,suspend=n,address=127.0.0.1:56908
Begin MonoManager ReloadAssembly
Registering precompiled unity dll's ...
Register platform support module: C:/Program Files/Unity/Hub/Editor/2020.2.0f1/Editor/Data/PlaybackEngines/MacStandaloneSupport/UnityEditor.OSXStandalone.Extensions.dll
Register platform support module: C:/Program Files/Unity/Hub/Editor/2020.2.0f1/Editor/Data/PlaybackEngines/WindowsStandaloneSupport/UnityEditor.WindowsStandalone.Extensions.dll
Registered in 0.005673 seconds.
Native extension for WindowsStandalone target not found
Native extension for OSXStandalone target not found
Refreshing native plugins compatible for Editor in 94.73 ms, found 4 plugins.
Preloading 0 native plugins for Editor in 0.00 ms.
Invoked RoslynAnalysisRunner static constructor.
RoslynAnalysisRunner will not be running.
RoslynAnalysisRunner has terminated.
Mono: successfully reloaded assembly
- Completed reload, in  2.703 seconds
Platform modules already initialized, skipping
Registering precompiled user dll's ...
Registered in 0.032470 seconds.
Begin MonoManager ReloadAssembly
Native extension for WindowsStandalone target not found
Native extension for OSXStandalone target not found
Refreshing native plugins compatible for Editor in 1.37 ms, found 4 plugins.
Preloading 0 native plugins for Editor in 0.00 ms.
Invoked RoslynAnalysisRunner static constructor.
RoslynAnalysisRunner will not be running.
RoslynAnalysisRunner has terminated.
RefreshInfo: StopAssetImportingV2(NoUpdateAssetOptions) scanfilter: 
RefreshProfiler: Total: 0.000ms
Mono: successfully reloaded assembly
- Completed reload, in  2.031 seconds
Platform modules already initialized, skipping
========================================================================
Worker process is ready to serve import requests
Launched and connected shader compiler UnityShaderCompiler.exe after 0.09 seconds
Refreshing native plugins compatible for Editor in 1.21 ms, found 4 plugins.
Preloading 0 native plugins for Editor in 0.00 ms.
Unloading 5 Unused Serialized files (Serialized files now loaded: 0)
System memory in use before: 39.2 MB.
System memory in use after: 39.3 MB.

Unloading 107 unused Assets to reduce memory usage. Loaded Objects now: 1894.
Total: 2.479700 ms (FindLiveObjects: 0.202100 ms CreateObjectMapping: 0.075000 ms MarkObjects: 2.092300 ms  DeleteObjects: 0.108400 ms)

========================================================================
Received Import Request.
  path: Assets/Scenes/CityStreet1.unity
  artifactKey: Guid(49a9a4e2713e4ae489c4f3c004fa7474) Importer(815301076,1909f56bfc062723c751e8b465ee728b)
Start importing Assets/Scenes/CityStreet1.unity using Guid(49a9a4e2713e4ae489c4f3c004fa7474) Importer(815301076,1909f56bfc062723c751e8b465ee728b)  -> (artifact id: 'a400db13f7346e5a19e2c3a11aae6a41') in 0.315112 seconds
  Import took 0.324188 seconds .

========================================================================
Received Prepare
Registering precompiled user dll's ...
Registered in 0.023133 seconds.
Begin MonoManager ReloadAssembly
Native extension for WindowsStandalone target not found
Native extension for OSXStandalone target not found
Refreshing native plugins compatible for Editor in 1.04 ms, found 4 plugins.
Preloading 0 native plugins for Editor in 0.00 ms.
Invoked RoslynAnalysisRunner static constructor.
RoslynAnalysisRunner will not be running.
RoslynAnalysisRunner has terminated.
RefreshInfo: StopAssetImportingV2(NoUpdateAssetOptions) scanfilter: 
RefreshProfiler: Total: 0.000ms
Mono: successfully reloaded assembly
- Completed reload, in  1.419 seconds
Platform modules already initialized, skipping
Refreshing native plugins compatible for Editor in 1.63 ms, found 4 plugins.
Preloading 0 native plugins for Editor in 0.00 ms.
Unloading 2 Unused Serialized files (Serialized files now loaded: 0)
System memory in use before: 39.2 MB.
System memory in use after: 39.4 MB.

Unloading 98 unused Assets to reduce memory usage. Loaded Objects now: 1897.
Total: 2.171500 ms (FindLiveObjects: 0.203200 ms CreateObjectMapping: 0.064600 ms MarkObjects: 1.856800 ms  DeleteObjects: 0.045200 ms)

========================================================================
Received Import Request.
  Time since last request: 18.097631 seconds.
  path: Assets/Scripts/CityStreet1.cs
  artifactKey: Guid(3e6df1670824b9d4aab1fa3c3b7e353e) Importer(815301076,1909f56bfc062723c751e8b465ee728b)
Start importing Assets/Scripts/CityStreet1.cs using Guid(3e6df1670824b9d4aab1fa3c3b7e353e) Importer(815301076,1909f56bfc062723c751e8b465ee728b)  -> (artifact id: '9074796bd2f04d62f2eee83be069eaf2') in 0.047286 seconds
  Import took 0.050630 seconds .

========================================================================
Received Prepare
Registering precompiled user dll's ...
Registered in 0.020605 seconds.
Begin MonoManager ReloadAssembly
Native extension for WindowsStandalone target not found
Native extension for OSXStandalone target not found
Refreshing native plugins compatible for Editor in 1.06 ms, found 4 plugins.
Preloading 0 native plugins for Editor in 0.00 ms.
Invoked RoslynAnalysisRunner static constructor.
RoslynAnalysisRunner will not be running.
RoslynAnalysisRunner has terminated.
RefreshInfo: StopAssetImportingV2(NoUpdateAssetOptions) scanfilter: 
RefreshProfiler: Total: 0.000ms
Mono: successfully reloaded assembly
- Completed reload, in  1.682 seconds
Platform modules already initialized, skipping
Refreshing native plugins compatible for Editor in 1.59 ms, found 4 plugins.
Preloading 0 native plugins for Editor in 0.00 ms.
Unloading 1 Unused Serialized files (Serialized files now loaded: 0)
System memory in use before: 39.3 MB.
System memory in use after: 39.4 MB.

Unloading 98 unused Assets to reduce memory usage. Loaded Objects now: 1899.
Total: 2.774900 ms (FindLiveObjects: 0.281100 ms CreateObjectMapping: 0.493800 ms MarkObjects: 1.920900 ms  DeleteObjects: 0.077100 ms)

========================================================================
Received Import Request.
  Time since last request: 234.116793 seconds.
  path: Assets/Scripts/CityStreet1.cs
  artifactKey: Guid(3e6df1670824b9d4aab1fa3c3b7e353e) Importer(815301076,1909f56bfc062723c751e8b465ee728b)
Start importing Assets/Scripts/CityStreet1.cs using Guid(3e6df1670824b9d4aab1fa3c3b7e353e) Importer(815301076,1909f56bfc062723c751e8b465ee728b)  -> (artifact id: '5e3c25f8ed2e80e8088bb780eecceb52') in 0.006470 seconds
  Import took 0.011622 seconds .

========================================================================
Received Prepare
Registering precompiled user dll's ...
Registered in 0.025194 seconds.
Begin MonoManager ReloadAssembly
Native extension for WindowsStandalone target not found
Native extension for OSXStandalone target not found
Refreshing native plugins compatible for Editor in 1.38 ms, found 4 plugins.
Preloading 0 native plugins for Editor in 0.00 ms.
Invoked RoslynAnalysisRunner static constructor.
RoslynAnalysisRunner will not be running.
RoslynAnalysisRunner has terminated.
RefreshInfo: StopAssetImportingV2(NoUpdateAssetOptions) scanfilter: 
RefreshProfiler: Total: 0.000ms
Mono: successfully reloaded assembly
- Completed reload, in  3.213 seconds
Platform modules already initialized, skipping
Refreshing native plugins compatible for Editor in 2.93 ms, found 4 plugins.
Preloading 0 native plugins for Editor in 0.00 ms.
Unloading 1 Unused Serialized files (Serialized files now loaded: 0)
System memory in use before: 39.4 MB.
System memory in use after: 39.5 MB.

Unloading 98 unused Assets to reduce memory usage. Loaded Objects now: 1901.
Total: 6.350600 ms (FindLiveObjects: 1.720900 ms CreateObjectMapping: 0.354300 ms MarkObjects: 4.213800 ms  DeleteObjects: 0.058600 ms)

========================================================================
Received Prepare
Registering precompiled user dll's ...
Registered in 0.137867 seconds.
Begin MonoManager ReloadAssembly
Native extension for WindowsStandalone target not found
Native extension for OSXStandalone target not found
Refreshing native plugins compatible for Editor in 1.60 ms, found 4 plugins.
Preloading 0 native plugins for Editor in 0.00 ms.
Invoked RoslynAnalysisRunner static constructor.
RoslynAnalysisRunner will not be running.
RoslynAnalysisRunner has terminated.
RefreshInfo: StopAssetImportingV2(NoUpdateAssetOptions) scanfilter: 
RefreshProfiler: Total: 0.000ms
Mono: successfully reloaded assembly
- Completed reload, in  1.720 seconds
Platform modules already initialized, skipping
Refreshing native plugins compatible for Editor in 1.03 ms, found 4 plugins.
Preloading 0 native plugins for Editor in 0.00 ms.
Unloading 1 Unused Serialized files (Serialized files now loaded: 0)
System memory in use before: 39.5 MB.
System memory in use after: 39.6 MB.

Unloading 98 unused Assets to reduce memory usage. Loaded Objects now: 1903.
Total: 2.814900 ms (FindLiveObjects: 0.368500 ms CreateObjectMapping: 0.134000 ms MarkObjects: 2.263500 ms  DeleteObjects: 0.046700 ms)

========================================================================
Received Prepare
Registering precompiled user dll's ...
Registered in 0.025231 seconds.
Begin MonoManager ReloadAssembly
Native extension for WindowsStandalone target not found
Native extension for OSXStandalone target not found
Refreshing native plugins compatible for Editor in 2.70 ms, found 4 plugins.
Preloading 0 native plugins for Editor in 0.00 ms.
Invoked RoslynAnalysisRunner static constructor.
RoslynAnalysisRunner will not be running.
RoslynAnalysisRunner has terminated.
RefreshInfo: StopAssetImportingV2(NoUpdateAssetOptions) scanfilter: 
RefreshProfiler: Total: 0.000ms
Mono: successfully reloaded assembly
- Completed reload, in  3.182 seconds
Platform modules already initialized, skipping
Refreshing native plugins compatible for Editor in 1.66 ms, found 4 plugins.
Preloading 0 native plugins for Editor in 0.00 ms.
Unloading 1 Unused Serialized files (Serialized files now loaded: 0)
System memory in use before: 39.6 MB.
System memory in use after: 39.7 MB.

Unloading 98 unused Assets to reduce memory usage. Loaded Objects now: 1905.
Total: 5.609400 ms (FindLiveObjects: 0.317700 ms CreateObjectMapping: 0.144500 ms MarkObjects: 5.005300 ms  DeleteObjects: 0.126300 ms)

========================================================================
Received Prepare
Registering precompiled user dll's ...
Registered in 0.019135 seconds.
Begin MonoManager ReloadAssembly
Native extension for WindowsStandalone target not found
Native extension for OSXStandalone target not found
Refreshing native plugins compatible for Editor in 1.91 ms, found 4 plugins.
Preloading 0 native plugins for Editor in 0.00 ms.
Invoked RoslynAnalysisRunner static constructor.
RoslynAnalysisRunner will not be running.
RoslynAnalysisRunner has terminated.
RefreshInfo: StopAssetImportingV2(NoUpdateAssetOptions) scanfilter: 
RefreshProfiler: Total: 0.000ms
Mono: successfully reloaded assembly
- Completed reload, in  2.014 seconds
Platform modules already initialized, skipping
Refreshing native plugins compatible for Editor in 2.25 ms, found 4 plugins.
Preloading 0 native plugins for Editor in 0.00 ms.
Unloading 1 Unused Serialized files (Serialized files now loaded: 0)
System memory in use before: 39.7 MB.
System memory in use after: 39.8 MB.

Unloading 98 unused Assets to reduce memory usage. Loaded Objects now: 1907.
Total: 2.644400 ms (FindLiveObjects: 0.305200 ms CreateObjectMapping: 0.131200 ms MarkObjects: 2.141500 ms  DeleteObjects: 0.064600 ms)

========================================================================
Received Prepare
Registering precompiled user dll's ...
Registered in 0.035013 seconds.
Begin MonoManager ReloadAssembly
Native extension for WindowsStandalone target not found
Native extension for OSXStandalone target not found
Refreshing native plugins compatible for Editor in 3.61 ms, found 4 plugins.
Preloading 0 native plugins for Editor in 0.00 ms.
Invoked RoslynAnalysisRunner static constructor.
RoslynAnalysisRunner will not be running.
RoslynAnalysisRunner has terminated.
RefreshInfo: StopAssetImportingV2(NoUpdateAssetOptions) scanfilter: 
RefreshProfiler: Total: 0.000ms
Mono: successfully reloaded assembly
- Completed reload, in  3.829 seconds
Platform modules already initialized, skipping
Refreshing native plugins compatible for Editor in 1.59 ms, found 4 plugins.
Preloading 0 native plugins for Editor in 0.00 ms.
Unloading 1 Unused Serialized files (Serialized files now loaded: 0)
System memory in use before: 39.8 MB.
System memory in use after: 39.9 MB.

Unloading 98 unused Assets to reduce memory usage. Loaded Objects now: 1909.
Total: 4.418100 ms (FindLiveObjects: 0.524200 ms CreateObjectMapping: 0.264600 ms MarkObjects: 3.503200 ms  DeleteObjects: 0.123500 ms)

========================================================================
Received Prepare
Registering precompiled user dll's ...
Registered in 0.013712 seconds.
Begin MonoManager ReloadAssembly
Native extension for WindowsStandalone target not found
Native extension for OSXStandalone target not found
Refreshing native plugins compatible for Editor in 1.43 ms, found 4 plugins.
Preloading 0 native plugins for Editor in 0.00 ms.
Invoked RoslynAnalysisRunner static constructor.
RoslynAnalysisRunner will not be running.
RoslynAnalysisRunner has terminated.
RefreshInfo: StopAssetImportingV2(NoUpdateAssetOptions) scanfilter: 
RefreshProfiler: Total: 0.000ms
Mono: successfully reloaded assembly
- Completed reload, in  1.429 seconds
Platform modules already initialized, skipping
Refreshing native plugins compatible for Editor in 1.27 ms, found 4 plugins.
Preloading 0 native plugins for Editor in 0.00 ms.
Unloading 1 Unused Serialized files (Serialized files now loaded: 0)
System memory in use before: 39.9 MB.
System memory in use after: 40.0 MB.

Unloading 98 unused Assets to reduce memory usage. Loaded Objects now: 1911.
Total: 2.526400 ms (FindLiveObjects: 0.450000 ms CreateObjectMapping: 0.086800 ms MarkObjects: 1.933700 ms  DeleteObjects: 0.053800 ms)

========================================================================
Received Prepare
Registering precompiled user dll's ...
Registered in 0.027481 seconds.
Begin MonoManager ReloadAssembly
Native extension for WindowsStandalone target not found
Native extension for OSXStandalone target not found
Refreshing native plugins compatible for Editor in 74.12 ms, found 4 plugins.
Preloading 0 native plugins for Editor in 0.00 ms.
Invoked RoslynAnalysisRunner static constructor.
RoslynAnalysisRunner will not be running.
RoslynAnalysisRunner has terminated.
RefreshInfo: StopAssetImportingV2(NoUpdateAssetOptions) scanfilter: 
RefreshProfiler: Total: 0.000ms
Mono: successfully reloaded assembly
- Completed reload, in  3.321 seconds
Platform modules already initialized, skipping
Refreshing native plugins compatible for Editor in 2.47 ms, found 4 plugins.
Preloading 0 native plugins for Editor in 0.00 ms.
Unloading 1 Unused Serialized files (Serialized files now loaded: 0)
System memory in use before: 40.0 MB.
System memory in use after: 40.1 MB.

Unloading 98 unused Assets to reduce memory usage. Loaded Objects now: 1913.
Total: 4.787900 ms (FindLiveObjects: 0.356600 ms CreateObjectMapping: 0.116300 ms MarkObjects: 4.188700 ms  DeleteObjects: 0.122700 ms)

========================================================================
Received Prepare
Registering precompiled user dll's ...
Registered in 0.022224 seconds.
Begin MonoManager ReloadAssembly
Native extension for WindowsStandalone target not found
Native extension for OSXStandalone target not found
Refreshing native plugins compatible for Editor in 1.52 ms, found 4 plugins.
Preloading 0 native plugins for Editor in 0.00 ms.
Invoked RoslynAnalysisRunner static constructor.
RoslynAnalysisRunner will not be running.
RoslynAnalysisRunner has terminated.
RefreshInfo: StopAssetImportingV2(NoUpdateAssetOptions) scanfilter: 
RefreshProfiler: Total: 0.000ms
Mono: successfully reloaded assembly
- Completed reload, in  2.262 seconds
Platform modules already initialized, skipping
Refreshing native plugins compatible for Editor in 2.54 ms, found 4 plugins.
Preloading 0 native plugins for Editor in 0.00 ms.
Unloading 1 Unused Serialized files (Serialized files now loaded: 0)
System memory in use before: 40.0 MB.
System memory in use after: 40.2 MB.

Unloading 98 unused Assets to reduce memory usage. Loaded Objects now: 1915.
Total: 2.907600 ms (FindLiveObjects: 0.249900 ms CreateObjectMapping: 0.124300 ms MarkObjects: 2.417300 ms  DeleteObjects: 0.113600 ms)

========================================================================
Received Prepare
Registering precompiled user dll's ...
Registered in 0.018037 seconds.
Begin MonoManager ReloadAssembly
Native extension for WindowsStandalone target not found
Native extension for OSXStandalone target not found
Refreshing native plugins compatible for Editor in 1.52 ms, found 4 plugins.
Preloading 0 native plugins for Editor in 0.00 ms.
Invoked RoslynAnalysisRunner static constructor.
RoslynAnalysisRunner will not be running.
RoslynAnalysisRunner has terminated.
RefreshInfo: StopAssetImportingV2(NoUpdateAssetOptions) scanfilter: 
RefreshProfiler: Total: 0.000ms
Mono: successfully reloaded assembly
- Completed reload, in  3.237 seconds
Platform modules already initialized, skipping
Refreshing native plugins compatible for Editor in 2.58 ms, found 4 plugins.
Preloading 0 native plugins for Editor in 0.00 ms.
Unloading 1 Unused Serialized files (Serialized files now loaded: 0)
System memory in use before: 40.1 MB.
System memory in use after: 40.2 MB.

Unloading 98 unused Assets to reduce memory usage. Loaded Objects now: 1917.
Total: 3.721000 ms (FindLiveObjects: 0.754300 ms CreateObjectMapping: 0.213400 ms MarkObjects: 2.682700 ms  DeleteObjects: 0.067200 ms)

========================================================================
Received Prepare
Registering precompiled user dll's ...
Registered in 0.023010 seconds.
Begin MonoManager ReloadAssembly
Native extension for WindowsStandalone target not found
Native extension for OSXStandalone target not found
Refreshing native plugins compatible for Editor in 1.59 ms, found 4 plugins.
Preloading 0 native plugins for Editor in 0.00 ms.
Invoked RoslynAnalysisRunner static constructor.
RoslynAnalysisRunner will not be running.
RoslynAnalysisRunner has terminated.
RefreshInfo: StopAssetImportingV2(NoUpdateAssetOptions) scanfilter: 
RefreshProfiler: Total: 0.000ms
Mono: successfully reloaded assembly
- Completed reload, in  2.285 seconds
Platform modules already initialized, skipping
Refreshing native plugins compatible for Editor in 2.22 ms, found 4 plugins.
Preloading 0 native plugins for Editor in 0.00 ms.
Unloading 1 Unused Serialized files (Serialized files now loaded: 0)
System memory in use before: 40.2 MB.
System memory in use after: 40.3 MB.

Unloading 98 unused Assets to reduce memory usage. Loaded Objects now: 1919.
Total: 6.967700 ms (FindLiveObjects: 0.362900 ms CreateObjectMapping: 0.183400 ms MarkObjects: 6.337500 ms  DeleteObjects: 0.081500 ms)

========================================================================
Received Import Request.
  Time since last request: 396.998483 seconds.
  path: Assets/Scripts/Bedroom.cs
  artifactKey: Guid(230540cd7f93dbb4aa3fd7a2905de4c3) Importer(815301076,1909f56bfc062723c751e8b465ee728b)
Start importing Assets/Scripts/Bedroom.cs using Guid(230540cd7f93dbb4aa3fd7a2905de4c3) Importer(815301076,1909f56bfc062723c751e8b465ee728b)  -> (artifact id: '07120869bd0843708368525a526e1147') in 0.010167 seconds
  Import took 0.014301 seconds .

========================================================================
Received Import Request.
  Time since last request: 5.167892 seconds.
  path: Assets/Scenes/EliBedroom.unity
  artifactKey: Guid(0a1ed009aaae5b840919a04125e0fc58) Importer(815301076,1909f56bfc062723c751e8b465ee728b)
Start importing Assets/Scenes/EliBedroom.unity using Guid(0a1ed009aaae5b840919a04125e0fc58) Importer(815301076,1909f56bfc062723c751e8b465ee728b)  -> (artifact id: '930bce66f0cf358a733a9c1d06f606e1') in 0.019835 seconds
  Import took 0.026627 seconds .

========================================================================
Received Import Request.
  Time since last request: 16.494065 seconds.
  path: Assets/Prefabs/Eyecon.prefab
  artifactKey: Guid(2cbb1407fa8bcfb47a02f740fa79610d) Importer(815301076,1909f56bfc062723c751e8b465ee728b)
Start importing Assets/Prefabs/Eyecon.prefab using Guid(2cbb1407fa8bcfb47a02f740fa79610d) Importer(815301076,1909f56bfc062723c751e8b465ee728b)  -> (artifact id: '544de6d3ca18d3b839a9899d2f205795') in 0.128192 seconds
  Import took 0.131190 seconds .

========================================================================
Received Import Request.
  Time since last request: 7.966736 seconds.
  path: Assets/Scenes/CityStreet1.unity
  artifactKey: Guid(49a9a4e2713e4ae489c4f3c004fa7474) Importer(815301076,1909f56bfc062723c751e8b465ee728b)
Start importing Assets/Scenes/CityStreet1.unity using Guid(49a9a4e2713e4ae489c4f3c004fa7474) Importer(815301076,1909f56bfc062723c751e8b465ee728b)  -> (artifact id: '17c0a3cf106b8dd427512da8d7dcbf1b') in 0.005224 seconds
  Import took 0.007754 seconds .

========================================================================
Received Import Request.
  Time since last request: 64.640166 seconds.
  path: Assets/Scenes/EliBedroom.unity
  artifactKey: Guid(0a1ed009aaae5b840919a04125e0fc58) Importer(815301076,1909f56bfc062723c751e8b465ee728b)
Start importing Assets/Scenes/EliBedroom.unity using Guid(0a1ed009aaae5b840919a04125e0fc58) Importer(815301076,1909f56bfc062723c751e8b465ee728b)  -> (artifact id: '3bfc2b1ffbac190bffc1cc1a995c9f9a') in 0.005192 seconds
  Import took 0.007810 seconds .

========================================================================
Received Import Request.
  Time since last request: 10.727385 seconds.
  path: Assets/Scenes/CityStreet1.unity
  artifactKey: Guid(49a9a4e2713e4ae489c4f3c004fa7474) Importer(815301076,1909f56bfc062723c751e8b465ee728b)
Start importing Assets/Scenes/CityStreet1.unity using Guid(49a9a4e2713e4ae489c4f3c004fa7474) Importer(815301076,1909f56bfc062723c751e8b465ee728b)  -> (artifact id: '48fab5d48c864a92ad0bef7bbe084f84') in 0.005267 seconds
  Import took 0.007955 seconds .

AssetImportWorkerClient::OnTransportError - code=2 error=End of file
